<?xml version="1.0" encoding="UTF-8"?>
<robot generator="Robot 3.2.2 (Python 3.9.1 on win32)" generated="20201217 06:05:14.218" rpa="false">
<suite id="s1" name="Test Script" source="C:\Users\thang\Documents\robot\autofail testcase\test_script.robot">
<test id="s1-t1" name="ToolsQA test">
<status status="FAIL" starttime="20201217 06:05:14.426" endtime="20201217 06:05:14.427" critical="yes">Test case contains no keywords.</status>
</test>
<test id="s1-t2" name="[Setup]">
<kw name="Run Keywords" library="BuiltIn">
<doc>Executes all the given keywords in a sequence.</doc>
<arguments>
<arg>Open Browser</arg>
<arg>https://demoqa.com/automation-practice-form</arg>
<arg>${BROWSER}</arg>
<arg>AND</arg>
<arg>Set Selenium Speed</arg>
<arg>${SELSPEED}</arg>
</arguments>
<kw name="Open Browser" library="Selenium2Library">
<doc>Opens a new browser instance to the optional ``url``.</doc>
<arguments>
<arg>https://demoqa.com/automation-practice-form</arg>
<arg>${BROWSER}</arg>
</arguments>
<msg timestamp="20201217 06:05:14.430" level="INFO">Opening browser 'chrome' to base url 'https://demoqa.com/automation-practice-form'.</msg>
<status status="PASS" starttime="20201217 06:05:14.430" endtime="20201217 06:05:20.888"></status>
</kw>
<kw name="Set Selenium Speed" library="Selenium2Library">
<doc>Sets the delay that is waited after each Selenium command.</doc>
<arguments>
<arg>${SELSPEED}</arg>
</arguments>
<msg timestamp="20201217 06:05:20.890" level="FAIL">Variable '${SELSPEED}' not found.</msg>
<status status="FAIL" starttime="20201217 06:05:20.888" endtime="20201217 06:05:20.890"></status>
</kw>
<status status="FAIL" starttime="20201217 06:05:14.430" endtime="20201217 06:05:20.890"></status>
</kw>
<status status="FAIL" starttime="20201217 06:05:14.429" endtime="20201217 06:05:20.892" critical="yes">Variable '${SELSPEED}' not found.</status>
</test>
<test id="s1-t3" name="Maximize Browser Window">
<kw name="Click Element" library="Selenium2Library">
<doc>Click the element identified by ``locator``.</doc>
<arguments>
<arg>//button[@id="submit"]</arg>
</arguments>
<msg timestamp="20201217 06:05:20.898" level="INFO">Clicking element '//button[@id="submit"]'.</msg>
<kw name="Capture Page Screenshot" library="Selenium2Library">
<doc>Takes a screenshot of the current page and embeds it into a log file.</doc>
<msg timestamp="20201217 06:05:22.289" level="INFO" html="yes">&lt;/td&gt;&lt;/tr&gt;&lt;tr&gt;&lt;td colspan="3"&gt;&lt;a href="selenium-screenshot-6.png"&gt;&lt;img src="selenium-screenshot-6.png" width="800px"&gt;&lt;/a&gt;</msg>
<status status="PASS" starttime="20201217 06:05:21.970" endtime="20201217 06:05:22.289"></status>
</kw>
<msg timestamp="20201217 06:05:22.292" level="FAIL">ElementClickInterceptedException: Message: element click intercepted: Element &lt;button id="submit" type="submit" class="btn btn-primary"&gt;...&lt;/button&gt; is not clickable at point (729, 655). Other element would receive the click: &lt;footer&gt;...&lt;/footer&gt;
  (Session info: chrome=87.0.4280.88)
</msg>
<status status="FAIL" starttime="20201217 06:05:20.897" endtime="20201217 06:05:22.292"></status>
</kw>
<status status="FAIL" starttime="20201217 06:05:20.896" endtime="20201217 06:05:22.293" critical="yes">ElementClickInterceptedException: Message: element click intercepted: Element &lt;button id="submit" type="submit" class="btn btn-primary"&gt;...&lt;/button&gt; is not clickable at point (729, 655). Other element would receive the click: &lt;footer&gt;...&lt;/footer&gt;
  (Session info: chrome=87.0.4280.88)
</status>
</test>
<doc>A test suite with a single test for ToolsQA
Created by hats' Robotcorder</doc>
<status status="FAIL" starttime="20201217 06:05:14.220" endtime="20201217 06:05:22.297"></status>
</suite>
<statistics>
<total>
<stat pass="0" fail="3">Critical Tests</stat>
<stat pass="0" fail="3">All Tests</stat>
</total>
<tag>
</tag>
<suite>
<stat pass="0" fail="3" id="s1" name="Test Script">Test Script</stat>
</suite>
</statistics>
<errors>
</errors>
</robot>
