<?xml version="1.0" encoding="UTF-8"?>
<robot generator="Robot 3.2.2 (Python 3.9.1 on win32)" generated="20201219 08:44:26.642" rpa="false">
<suite id="s1" name="autoFail" source="C:\Users\thang\Documents\robot\autoFail.robot">
<test id="s1-t1" name="Submit form with blank information">
<kw name="Run Keywords" library="BuiltIn" type="setup">
<doc>Executes all the given keywords in a sequence.</doc>
<arguments>
<arg>Open Browser</arg>
<arg>https://demoqa.com/automation-practice-form</arg>
<arg>${BROWSER}</arg>
<arg>AND</arg>
<arg>Set Selenium Speed</arg>
<arg>${SELSPEED}</arg>
</arguments>
<kw name="Open Browser" library="Selenium2Library">
<doc>Opens a new browser instance to the optional ``url``.</doc>
<arguments>
<arg>https://demoqa.com/automation-practice-form</arg>
<arg>${BROWSER}</arg>
</arguments>
<msg timestamp="20201219 08:44:26.927" level="INFO">Opening browser 'chrome' to base url 'https://demoqa.com/automation-practice-form'.</msg>
<status status="PASS" starttime="20201219 08:44:26.927" endtime="20201219 08:44:32.922"></status>
</kw>
<kw name="Set Selenium Speed" library="Selenium2Library">
<doc>Sets the delay that is waited after each Selenium command.</doc>
<arguments>
<arg>${SELSPEED}</arg>
</arguments>
<status status="PASS" starttime="20201219 08:44:32.922" endtime="20201219 08:44:32.923"></status>
</kw>
<status status="PASS" starttime="20201219 08:44:26.927" endtime="20201219 08:44:32.923"></status>
</kw>
<kw name="Maximize Browser Window" library="Selenium2Library">
<doc>Maximizes current browser window.</doc>
<status status="PASS" starttime="20201219 08:44:32.924" endtime="20201219 08:44:35.106"></status>
</kw>
<kw name="Set Focus To Element" library="Selenium2Library">
<doc>Sets the focus to the element identified by ``locator``.</doc>
<arguments>
<arg>//button[@id="submit"]</arg>
</arguments>
<status status="PASS" starttime="20201219 08:44:35.106" endtime="20201219 08:44:35.135"></status>
</kw>
<kw name="Click Element" library="Selenium2Library">
<doc>Click the element identified by ``locator``.</doc>
<arguments>
<arg>//button[@id="submit"]</arg>
</arguments>
<msg timestamp="20201219 08:44:35.136" level="INFO">Clicking element '//button[@id="submit"]'.</msg>
<status status="PASS" starttime="20201219 08:44:35.136" endtime="20201219 08:44:35.206"></status>
</kw>
<kw name="Run Keyword And Return Status" library="BuiltIn">
<doc>Runs the given keyword with given arguments and returns the status as a Boolean value.</doc>
<arguments>
<arg>Click Element</arg>
<arg>//button[@id="closeLargeModal"]</arg>
</arguments>
<assign>
<var>${present}</var>
</assign>
<kw name="Click Element" library="Selenium2Library">
<doc>Click the element identified by ``locator``.</doc>
<arguments>
<arg>//button[@id="closeLargeModal"]</arg>
</arguments>
<msg timestamp="20201219 08:44:35.208" level="INFO">Clicking element '//button[@id="closeLargeModal"]'.</msg>
<kw name="Capture Page Screenshot" library="Selenium2Library">
<doc>Takes a screenshot of the current page and embeds it into a log file.</doc>
<msg timestamp="20201219 08:44:35.580" level="INFO" html="yes">&lt;/td&gt;&lt;/tr&gt;&lt;tr&gt;&lt;td colspan="3"&gt;&lt;a href="selenium-screenshot-11.png"&gt;&lt;img src="selenium-screenshot-11.png" width="800px"&gt;&lt;/a&gt;</msg>
<status status="PASS" starttime="20201219 08:44:35.221" endtime="20201219 08:44:35.580"></status>
</kw>
<msg timestamp="20201219 08:44:35.580" level="FAIL">Element with locator '//button[@id="closeLargeModal"]' not found.</msg>
<status status="FAIL" starttime="20201219 08:44:35.207" endtime="20201219 08:44:35.580"></status>
</kw>
<msg timestamp="20201219 08:44:35.580" level="INFO">${present} = False</msg>
<status status="PASS" starttime="20201219 08:44:35.207" endtime="20201219 08:44:35.580"></status>
</kw>
<kw name="Run Keyword If" library="BuiltIn">
<doc>Runs the given keyword with the given arguments, if ``condition`` is true.</doc>
<arguments>
<arg>${present}==False</arg>
<arg>fail</arg>
<arg>Close BROWSER</arg>
<arg>Incomplete Form</arg>
<arg>Close BROWSER</arg>
</arguments>
<kw name="Fail" library="BuiltIn">
<doc>Fails the test with the given message and optionally alters its tags.</doc>
<arguments>
<arg>Close BROWSER</arg>
<arg>Incomplete Form</arg>
<arg>Close BROWSER</arg>
</arguments>
<msg timestamp="20201219 08:44:35.595" level="INFO">Set tags 'Incomplete Form' and 'Close BROWSER'.</msg>
<msg timestamp="20201219 08:44:35.595" level="FAIL">Close BROWSER</msg>
<status status="FAIL" starttime="20201219 08:44:35.580" endtime="20201219 08:44:35.595"></status>
</kw>
<status status="FAIL" starttime="20201219 08:44:35.580" endtime="20201219 08:44:35.595"></status>
</kw>
<tags>
<tag>Close BROWSER</tag>
<tag>Incomplete Form</tag>
</tags>
<status status="FAIL" starttime="20201219 08:44:26.927" endtime="20201219 08:44:35.596" critical="yes">Close BROWSER</status>
</test>
<test id="s1-t2" name="Submit form with no name">
<kw name="Run Keywords" library="BuiltIn" type="setup">
<doc>Executes all the given keywords in a sequence.</doc>
<arguments>
<arg>Open Browser</arg>
<arg>https://demoqa.com/automation-practice-form</arg>
<arg>${BROWSER}</arg>
<arg>AND</arg>
<arg>Set Selenium Speed</arg>
<arg>${SELSPEED}</arg>
</arguments>
<kw name="Open Browser" library="Selenium2Library">
<doc>Opens a new browser instance to the optional ``url``.</doc>
<arguments>
<arg>https://demoqa.com/automation-practice-form</arg>
<arg>${BROWSER}</arg>
</arguments>
<msg timestamp="20201219 08:44:35.599" level="INFO">Opening browser 'chrome' to base url 'https://demoqa.com/automation-practice-form'.</msg>
<kw name="Capture Page Screenshot" library="Selenium2Library">
<doc>Takes a screenshot of the current page and embeds it into a log file.</doc>
<status status="FAIL" starttime="20201219 08:44:39.485" endtime="20201219 08:44:41.595"></status>
</kw>
<msg timestamp="20201219 08:44:41.595" level="WARN">Keyword 'Capture Page Screenshot' could not be run on failure: Execution terminated by signal</msg>
<msg timestamp="20201219 08:44:41.595" level="FAIL">WebDriverException: Message: unknown error: cannot determine loading status
from disconnected: received Inspector.detached event
  (Session info: chrome=87.0.4280.88)
</msg>
<status status="FAIL" starttime="20201219 08:44:35.599" endtime="20201219 08:44:41.595"></status>
</kw>
<status status="FAIL" starttime="20201219 08:44:35.598" endtime="20201219 08:44:41.595"></status>
</kw>
<status status="FAIL" starttime="20201219 08:44:35.598" endtime="20201219 08:44:41.595" critical="yes">Setup failed:
WebDriverException: Message: unknown error: cannot determine loading status
from disconnected: received Inspector.detached event
  (Session info: chrome=87.0.4280.88)
</status>
</test>
<test id="s1-t3" name="Submit form with invalid email">
<kw name="Run Keywords" library="BuiltIn" type="setup">
<doc>Executes all the given keywords in a sequence.</doc>
<arguments>
<arg>Open Browser</arg>
<arg>https://demoqa.com/automation-practice-form</arg>
<arg>${BROWSER}</arg>
<arg>AND</arg>
<arg>Set Selenium Speed</arg>
<arg>${SELSPEED}</arg>
</arguments>
<status status="FAIL" starttime="20201219 08:44:41.611" endtime="20201219 08:44:41.611"></status>
</kw>
<status status="FAIL" starttime="20201219 08:44:41.611" endtime="20201219 08:44:41.611" critical="yes">Setup failed:
Execution terminated by signal</status>
</test>
<status status="FAIL" starttime="20201219 08:44:26.642" endtime="20201219 08:44:41.611"></status>
</suite>
<statistics>
<total>
<stat pass="0" fail="3">Critical Tests</stat>
<stat pass="0" fail="3">All Tests</stat>
</total>
<tag>
<stat pass="0" fail="1">Close BROWSER</stat>
<stat pass="0" fail="1">Incomplete Form</stat>
</tag>
<suite>
<stat pass="0" fail="3" id="s1" name="autoFail">autoFail</stat>
</suite>
</statistics>
<errors>
<msg timestamp="20201219 08:44:41.595" level="WARN">Keyword 'Capture Page Screenshot' could not be run on failure: Execution terminated by signal</msg>
</errors>
</robot>
